<?xml version="1.0" encoding="UTF-8"?>
<!-- Generated by org.testng.reporters.JUnitReportReporter -->
<testsuite hostname="DESKTOP-1SGGTFE" failures="0" tests="5" name="Test_Rest_Assured.ValidationMatchers_RA" time="6.047" errors="0" timestamp="2022-12-06T16:37:03 IST" skipped="0">
  <testcase classname="Test_Rest_Assured.ValidationMatchers_RA" name="checkAge" time="2.478"/>
  <system-out/>
  <testcase classname="Test_Rest_Assured.ValidationMatchers_RA" name="validationName" time="0.429"/>
  <system-out/>
  <testcase classname="Test_Rest_Assured.ValidationMatchers_RA" name="validationTime" time="1.317"/>
  <system-out/>
  <testcase classname="Test_Rest_Assured.ValidationMatchers_RA" name="validationID" time="0.418"/>
  <system-out/>
  <testcase classname="Test_Rest_Assured.ValidationMatchers_RA" name="checkEntries" time="1.405"/>
  <system-out/>
</testsuite> <!-- Test_Rest_Assured.ValidationMatchers_RA -->
