<?xml version="1.0" encoding="UTF-8"?>
<!-- Generated by org.testng.reporters.JUnitReportReporter -->
<testsuite hostname="DESKTOP-1SGGTFE" failures="0" tests="1" name="Test_Rest_Assured.POST_RA" time="1.552" errors="0" timestamp="2022-12-05T16:09:07 IST" skipped="0">
  <testcase classname="Test_Rest_Assured.POST_RA" name="postReqExample" time="1.552"/>
  <system-out/>
</testsuite> <!-- Test_Rest_Assured.POST_RA -->
