<?xml version="1.0" encoding="UTF-8"?>
<!-- Generated by org.testng.reporters.JUnitReportReporter -->
<testsuite hostname="DESKTOP-1SGGTFE" failures="0" tests="1" name="Test_Rest_Assured.GET_RA" time="1.281" errors="0" timestamp="2022-12-01T19:46:50 IST" skipped="0">
  <testcase classname="Test_Rest_Assured.GET_RA" name="getTestExample" time="1.281"/>
  <system-out/>
</testsuite> <!-- Test_Rest_Assured.GET_RA -->
