<?xml version="1.0" encoding="UTF-8"?>
<!-- Generated by org.testng.reporters.JUnitReportReporter -->
<testsuite hostname="DESKTOP-1SGGTFE" failures="0" tests="1" name="Test_Rest_Assured.GET_BDD_RA" time="1.277" errors="0" timestamp="2022-12-01T11:59:25 IST" skipped="0">
  <testcase classname="Test_Rest_Assured.GET_BDD_RA" name="getTestExample" time="1.277"/>
  <system-out/>
</testsuite> <!-- Test_Rest_Assured.GET_BDD_RA -->
