<?xml version="1.0" encoding="UTF-8"?>
<!-- Generated by org.testng.reporters.JUnitReportReporter -->
<testsuite hostname="mitrah182" failures="0" tests="1" name="com.loa.test.cases.TestCase1" time="0.819" errors="0" timestamp="2022-09-20T15:51:12 IST" skipped="0">
  <testcase classname="com.loa.test.cases.TestCase1" name="actualTest" time="0.819"/>
  <system-out/>
</testsuite> <!-- com.loa.test.cases.TestCase1 -->
