<?xml version="1.0" encoding="UTF-8"?>
<!-- Generated by org.testng.reporters.JUnitReportReporter -->
<testsuite hostname="mitrah182" failures="0" tests="1" name="com.Selenium.Downloadfile" time="17.324" errors="0" timestamp="2022-09-21T11:50:37 IST" skipped="0">
  <testcase classname="com.Selenium.Downloadfile" name="dwnFile" time="17.324"/>
  <system-out/>
</testsuite> <!-- com.Selenium.Downloadfile -->
