<?xml version="1.0" encoding="UTF-8"?>
<!-- Generated by org.testng.reporters.JUnitReportReporter -->
<testsuite hostname="mitrah182" failures="0" tests="1" name="com.Selenium.UpldFile" time="0.923" errors="0" timestamp="2022-09-19T12:51:53 IST" skipped="0">
  <testcase classname="com.Selenium.UpldFile" name="upFile" time="0.923"/>
  <system-out/>
</testsuite> <!-- com.Selenium.UpldFile -->
