<?xml version="1.0" encoding="UTF-8"?>
<!-- Generated by org.testng.reporters.JUnitReportReporter -->
<testsuite hostname="mitrah182" failures="0" tests="1" name="TestCase.Sample" time="3.117" errors="0" timestamp="2022-09-15T13:12:47 IST" skipped="0">
  <testcase classname="TestCase.Sample" name="loginTest" time="3.117"/>
  <system-out/>
</testsuite> <!-- TestCase.Sample -->
