<?xml version="1.0" encoding="UTF-8"?>
<!-- Generated by org.testng.reporters.JUnitReportReporter -->
<testsuite hostname="mitrah182" failures="0" tests="1" name="Datadriven.BothIncrt" time="2.847" errors="0" timestamp="2022-09-16T16:46:01 IST" skipped="0">
  <testcase classname="Datadriven.BothIncrt" name="bothInCRt" time="2.847"/>
  <system-out/>
</testsuite> <!-- Datadriven.BothIncrt -->
