<?xml version="1.0" encoding="UTF-8"?>
<!-- Generated by org.testng.reporters.JUnitReportReporter -->
<testsuite hostname="mitrah182" failures="0" tests="1" name="Datadriven.BothCrt" time="3.747" errors="0" timestamp="2022-09-16T16:46:01 IST" skipped="0">
  <testcase classname="Datadriven.BothCrt" name="bothcorrct" time="3.747"/>
  <system-out/>
</testsuite> <!-- Datadriven.BothCrt -->
