<?xml version="1.0" encoding="UTF-8"?>
<!-- Generated by org.testng.reporters.JUnitReportReporter -->
<testsuite hostname="DESKTOP-1SGGTFE" failures="0" tests="1" name="TestTopics.dynamicPropertiesTest" time="14.501" errors="0" timestamp="2022-12-06T20:20:47 IST" skipped="0">
  <testcase classname="TestTopics.dynamicPropertiesTest" name="testExcute" time="14.501"/>
  <system-out/>
</testsuite> <!-- TestTopics.dynamicPropertiesTest -->
