<?xml version="1.0" encoding="UTF-8"?>
<!-- Generated by org.testng.reporters.JUnitReportReporter -->
<testsuite hostname="DESKTOP-1SGGTFE" failures="0" tests="1" name="TestTopics.DargAndDrop" time="0.329" errors="0" timestamp="2022-12-08T15:38:26 IST" skipped="0">
  <testcase classname="TestTopics.DargAndDrop" name="test" time="0.329"/>
  <system-out/>
</testsuite> <!-- TestTopics.DargAndDrop -->
