<?xml version="1.0" encoding="UTF-8"?>
<!-- Generated by org.testng.reporters.JUnitReportReporter -->
<testsuite hostname="DESKTOP-1SGGTFE" failures="0" tests="2" name="TestTopics.WindowTest" time="3.326" errors="0" timestamp="2022-12-07T16:44:03 IST" skipped="0">
  <testcase classname="TestTopics.WindowTest" name="newTabTest" time="3.201"/>
  <system-out/>
  <testcase classname="TestTopics.WindowTest" name="newWindowTest" time="0.125"/>
  <system-out/>
</testsuite> <!-- TestTopics.WindowTest -->
