<?xml version="1.0" encoding="UTF-8"?>
<!-- Generated by org.testng.reporters.JUnitReportReporter -->
<testsuite hostname="DESKTOP-1SGGTFE" failures="0" tests="1" name="TestTopics.dynamicPropertiesTest" time="11.945" errors="0" timestamp="2022-12-07T11:48:45 IST" skipped="0">
  <testcase classname="TestTopics.dynamicPropertiesTest" name="testExcute" time="11.945"/>
  <system-out/>
</testsuite> <!-- TestTopics.dynamicPropertiesTest -->
