<?xml version="1.0" encoding="UTF-8"?>
<!-- Generated by org.testng.reporters.JUnitReportReporter -->
<testsuite hostname="DESKTOP-1SGGTFE" failures="0" tests="4" name="TestTopics.AlertsTest" time="5.462" errors="0" timestamp="2022-12-07T15:51:46 IST" skipped="0">
  <testcase classname="TestTopics.AlertsTest" name="AlertTest" time="0.098"/>
  <system-out/>
  <testcase classname="TestTopics.AlertsTest" name="dealayAlertTest" time="5.224"/>
  <system-out/>
  <testcase classname="TestTopics.AlertsTest" name="confirmAlertTest" time="0.062"/>
  <system-out/>
  <testcase classname="TestTopics.AlertsTest" name="promptAlertTest" time="0.078"/>
  <system-out/>
</testsuite> <!-- TestTopics.AlertsTest -->
