<?xml version="1.0" encoding="UTF-8"?>
<!-- Generated by org.testng.reporters.JUnitReportReporter -->
<testsuite hostname="DESKTOP-1SGGTFE" failures="0" tests="1" name="testCase.DargAndDrop" time="6.849" errors="0" timestamp="2022-12-06T18:00:53 IST" skipped="0">
  <testcase classname="testCase.DargAndDrop" name="setup" time="6.849"/>
  <system-out/>
</testsuite> <!-- testCase.DargAndDrop -->
